<?xml version="1.0" encoding="UTF-8"?>
<!-- Generated by org.testng.reporters.JUnitReportReporter -->
<testsuite hostname="Abhijith" failures="0" tests="1" name="dataDrivenTesting.ReadDataFromDataBase" time="0.283" errors="0" timestamp="2023-09-07T10:14:52 IST" skipped="0">
  <testcase classname="dataDrivenTesting.ReadDataFromDataBase" name="test" time="0.283"/>
  <system-out/>
</testsuite> <!-- dataDrivenTesting.ReadDataFromDataBase -->
