<?xml version="1.0" encoding="UTF-8"?>
<!-- Generated by org.testng.reporters.JUnitReportReporter -->
<testsuite hostname="Abhijith" failures="0" tests="1" name="dataDrivenTesting.DDTWithRandomNumberTest" time="0.013" errors="0" timestamp="2023-09-07T09:45:45 IST" skipped="0">
  <testcase classname="dataDrivenTesting.DDTWithRandomNumberTest" name="test" time="0.013"/>
  <system-out/>
</testsuite> <!-- dataDrivenTesting.DDTWithRandomNumberTest -->
