<?xml version="1.0" encoding="UTF-8"?>
<!-- Generated by org.testng.reporters.JUnitReportReporter -->
<testsuite hostname="Abhijith" failures="0" tests="1" name="dataDrivenTesting.DDTWithRandomNumberTest" time="0.009" errors="0" timestamp="2023-08-19T14:28:14 IST" skipped="0">
  <testcase classname="dataDrivenTesting.DDTWithRandomNumberTest" name="test" time="0.009"/>
  <system-out/>
</testsuite> <!-- dataDrivenTesting.DDTWithRandomNumberTest -->
