<?xml version="1.0" encoding="UTF-8"?>
<!-- Generated by org.testng.reporters.JUnitReportReporter -->
<testsuite hostname="Abhijith" failures="0" tests="1" name="dataDrivenTesting.ReadDataFromJson" time="0.013" errors="0" timestamp="2023-08-19T14:13:46 IST" skipped="0">
  <testcase classname="dataDrivenTesting.ReadDataFromJson" name="test" time="0.013"/>
  <system-out/>
</testsuite> <!-- dataDrivenTesting.ReadDataFromJson -->
